17:56:10.9847929	DEBUG : SendPinpad cargamos la configuracion para la libreria DriverVerifone32  Puerto=9 iBaudios=115200 iBits=8 TimeOut=30000
17:56:11.2198064	DEBUG : SendPinpad Se envia trama de seguridad al puerto COM9 TramaSeguridad=SH747345DB82985F56c
17:56:12.2228638	DEBUG : SendPinpad Trama de Seguridad Leo la respuesta enviada por el pinpad Resp.=
17:56:13.2269212	DEBUG : SendPinpad Trama de Seguridad Leo la respuesta enviada por el pinpad Resp.=
17:56:14.2289785	DEBUG : SendPinpad Trama de Seguridad Leo la respuesta enviada por el pinpad Resp.=
17:56:15.2340360	DEBUG : SendPinpad Trama de Seguridad Leo la respuesta enviada por el pinpad Resp.=
17:56:16.2410936	DEBUG : SendPinpad Trama de Seguridad Leo la respuesta enviada por el pinpad Resp.=
17:56:17.2481512	DEBUG : SendPinpad Trama de Seguridad Leo la respuesta enviada por el pinpad Resp.=
17:56:18.2552088	DEBUG : SendPinpad Trama de Seguridad Leo la respuesta enviada por el pinpad Resp.=
17:56:19.2602663	DEBUG : SendPinpad Trama de Seguridad Leo la respuesta enviada por el pinpad Resp.=
17:56:20.2633236	DEBUG : SendPinpad Trama de Seguridad Leo la respuesta enviada por el pinpad Resp.=
17:56:21.2693812	DEBUG : SendPinpad Trama de Seguridad Leo la respuesta enviada por el pinpad Resp.=
17:56:22.2714385	DEBUG : SendPinpad Trama de Seguridad Leo la respuesta enviada por el pinpad Resp.=
17:56:23.2754959	DEBUG : SendPinpad Trama de Seguridad Leo la respuesta enviada por el pinpad Resp.=
17:56:24.2785533	DEBUG : SendPinpad Trama de Seguridad Leo la respuesta enviada por el pinpad Resp.=
17:56:25.2806106	DEBUG : SendPinpad Trama de Seguridad Leo la respuesta enviada por el pinpad Resp.=
17:56:26.2886683	DEBUG : SendPinpad Trama de Seguridad Leo la respuesta enviada por el pinpad Resp.=
17:56:27.2917257	DEBUG : SendPinpad Trama de Seguridad Leo la respuesta enviada por el pinpad Resp.=
17:56:28.2987833	DEBUG : SendPinpad Trama de Seguridad Leo la respuesta enviada por el pinpad Resp.=
17:56:29.3038407	DEBUG : SendPinpad Trama de Seguridad Leo la respuesta enviada por el pinpad Resp.=
17:56:30.3088982	DEBUG : SendPinpad Trama de Seguridad Leo la respuesta enviada por el pinpad Resp.=
17:56:31.3159558	DEBUG : SendPinpad Trama de Seguridad Leo la respuesta enviada por el pinpad Resp.=
17:56:32.3200133	DEBUG : SendPinpad Trama de Seguridad Leo la respuesta enviada por el pinpad Resp.=
17:56:33.3220706	DEBUG : SendPinpad Trama de Seguridad Leo la respuesta enviada por el pinpad Resp.=
17:56:34.3251279	DEBUG : SendPinpad Trama de Seguridad Leo la respuesta enviada por el pinpad Resp.=
17:56:35.3301854	DEBUG : SendPinpad Trama de Seguridad Leo la respuesta enviada por el pinpad Resp.=
17:56:36.3332428	DEBUG : SendPinpad Trama de Seguridad Leo la respuesta enviada por el pinpad Resp.=
17:56:37.3433006	DEBUG : SendPinpad Trama de Seguridad Leo la respuesta enviada por el pinpad Resp.=
17:56:38.3833601	DEBUG : SendPinpad Trama de Seguridad Leo la respuesta enviada por el pinpad Resp.=
17:56:39.3924178	DEBUG : SendPinpad Trama de Seguridad Leo la respuesta enviada por el pinpad Resp.=
17:56:40.3954751	DEBUG : SendPinpad Trama de Seguridad Leo la respuesta enviada por el pinpad Resp.=
17:56:41.3995326	DEBUG : SendPinpad Trama de Seguridad Leo la respuesta enviada por el pinpad Resp.=
17:56:42.4015899	DEBUG : SendPinpad Trama de Seguridad Leo la respuesta enviada por el pinpad Resp.=
17:56:42.4045901	DEBUG : SendPinpad Salgo por timeout= 30 seg
18:23:02.0359398	DEBUG : SendPinpad cargamos la configuracion para la libreria DriverVerifone32  Puerto=9 iBaudios=115200 iBits=8 TimeOut=30000
18:23:02.0709418	DEBUG : SendPinpad Se envia trama de seguridad al puerto COM9 TramaSeguridad=SH9BEE5DBBD09BCBBB
18:23:03.0739992	DEBUG : SendPinpad Trama de Seguridad Leo la respuesta enviada por el pinpad Resp.=
18:23:04.0790567	DEBUG : SendPinpad Trama de Seguridad Leo la respuesta enviada por el pinpad Resp.=
18:23:05.0821140	DEBUG : SendPinpad Trama de Seguridad Leo la respuesta enviada por el pinpad Resp.=
18:23:06.0861715	DEBUG : SendPinpad Trama de Seguridad Leo la respuesta enviada por el pinpad Resp.=
18:23:07.0902289	DEBUG : SendPinpad Trama de Seguridad Leo la respuesta enviada por el pinpad Resp.=
18:23:08.0922862	DEBUG : SendPinpad Trama de Seguridad Leo la respuesta enviada por el pinpad Resp.=
18:23:09.0953436	DEBUG : SendPinpad Trama de Seguridad Leo la respuesta enviada por el pinpad Resp.=
18:23:10.0984009	DEBUG : SendPinpad Trama de Seguridad Leo la respuesta enviada por el pinpad Resp.=
18:23:11.1014583	DEBUG : SendPinpad Trama de Seguridad Leo la respuesta enviada por el pinpad Resp.=
18:23:12.1075159	DEBUG : SendPinpad Trama de Seguridad Leo la respuesta enviada por el pinpad Resp.=
18:23:13.1105732	DEBUG : SendPinpad Trama de Seguridad Leo la respuesta enviada por el pinpad Resp.=
18:23:14.1156307	DEBUG : SendPinpad Trama de Seguridad Leo la respuesta enviada por el pinpad Resp.=
18:23:15.1196881	DEBUG : SendPinpad Trama de Seguridad Leo la respuesta enviada por el pinpad Resp.=
18:23:16.1217455	DEBUG : SendPinpad Trama de Seguridad Leo la respuesta enviada por el pinpad Resp.=
18:23:17.1278030	DEBUG : SendPinpad Trama de Seguridad Leo la respuesta enviada por el pinpad Resp.=
18:23:18.1318604	DEBUG : SendPinpad Trama de Seguridad Leo la respuesta enviada por el pinpad Resp.=
18:23:19.1389180	DEBUG : SendPinpad Trama de Seguridad Leo la respuesta enviada por el pinpad Resp.=
18:23:20.1409754	DEBUG : SendPinpad Trama de Seguridad Leo la respuesta enviada por el pinpad Resp.=
18:23:21.1450328	DEBUG : SendPinpad Trama de Seguridad Leo la respuesta enviada por el pinpad Resp.=
18:23:22.1480902	DEBUG : SendPinpad Trama de Seguridad Leo la respuesta enviada por el pinpad Resp.=
18:23:23.1531476	DEBUG : SendPinpad Trama de Seguridad Leo la respuesta enviada por el pinpad Resp.=
18:23:24.1562050	DEBUG : SendPinpad Trama de Seguridad Leo la respuesta enviada por el pinpad Resp.=
18:23:25.1612625	DEBUG : SendPinpad Trama de Seguridad Leo la respuesta enviada por el pinpad Resp.=
18:23:26.1653199	DEBUG : SendPinpad Trama de Seguridad Leo la respuesta enviada por el pinpad Resp.=
18:23:27.1693774	DEBUG : SendPinpad Trama de Seguridad Leo la respuesta enviada por el pinpad Resp.=
18:23:28.1724347	DEBUG : SendPinpad Trama de Seguridad Leo la respuesta enviada por el pinpad Resp.=
18:23:29.1754921	DEBUG : SendPinpad Trama de Seguridad Leo la respuesta enviada por el pinpad Resp.=
18:23:30.1785495	DEBUG : SendPinpad Trama de Seguridad Leo la respuesta enviada por el pinpad Resp.=
18:23:31.1806068	DEBUG : SendPinpad Trama de Seguridad Leo la respuesta enviada por el pinpad Resp.=
18:23:32.1836642	DEBUG : SendPinpad Trama de Seguridad Leo la respuesta enviada por el pinpad Resp.=
18:23:33.1867215	DEBUG : SendPinpad Trama de Seguridad Leo la respuesta enviada por el pinpad Resp.=
18:23:33.1907218	DEBUG : SendPinpad Salgo por timeout= 30 seg
