15:52:40.1872014	DEBUG : Impresion 01== 02
15:52:53.7799789	DEBUG : comercio == 000000328464   
15:57:47.3547704	DEBUG : Impresion 01== 02
15:58:02.0626116	DEBUG : comercio == 000000328464   
16:03:47.1403489	DEBUG : Impresion 01== 02
16:03:49.4314800	DEBUG : comercio == 000000328464   
16:03:53.4607104	DEBUG : lote == 000025
16:03:56.4818833	DEBUG : tid == 12131415
16:03:59.7680712	DEBUG : numtarjeta == 476173XXXXXX440     
16:04:04.1333209	DEBUG : trx == 001020
16:04:07.0134856	DEBUG : autorizacion == 031747
16:04:13.9838843	DEBUG : total == 86.21
16:04:15.4579686	DEBUG : grabaiva == 65.99
16:04:16.9860560	DEBUG : nograbaiva == 5
16:04:22.3733642	DEBUG : iva == 7.92
16:04:29.7057835	DEBUG : lectura == 03
16:10:25.1041112	DEBUG : Impresion 01== 02
16:10:27.6302557	DEBUG : comercio == 000000328464   
16:10:30.7354333	DEBUG : lote == 000025
16:10:33.2315760	DEBUG : tid == 12131415
16:10:36.7757788	DEBUG : numtarjeta == 476173XXXXXX440     
16:10:37.3618123	DEBUG : trx == 001020
16:10:38.2018603	DEBUG : autorizacion == 031747
16:10:40.5319936	DEBUG : total == 86.21
16:10:41.8340681	DEBUG : grabaiva == 65.99
16:10:42.9241304	DEBUG : nograbaiva == 5
16:10:45.6472862	DEBUG : iva == 7.92
16:38:14.9036182	DEBUG : Impresion 01== 02
16:38:16.6707193	DEBUG : comercio == 000000328464   
16:38:16.6757196	DEBUG : lote == 000025
16:38:16.6807199	DEBUG : tid == 12131415
16:38:16.6847201	DEBUG : numtarjeta == 476173XXXXXX440     
16:38:16.6897204	DEBUG : trx == 001020
16:38:16.6947207	DEBUG : autorizacion == 031747
16:38:16.6977209	DEBUG : total == 86.21
16:38:16.7007210	DEBUG : grabaiva == 65.99
16:38:16.7047213	DEBUG : nograbaiva == 5
16:38:16.7077214	DEBUG : iva == 7.92
16:38:16.7097215	DEBUG : lectura == 03
16:38:55.5279418	DEBUG : Impresion 01== 02
16:38:58.1220902	DEBUG : comercio == 000000328464   
16:38:58.8721331	DEBUG : lote == 000025
16:39:00.3752191	DEBUG : tid == 12131415
16:39:01.9483090	DEBUG : numtarjeta == 476173XXXXXX440     
16:39:03.4743963	DEBUG : trx == 001020
16:39:05.3625043	DEBUG : autorizacion == 031747
16:39:07.7676419	DEBUG : total == 86.21
16:39:10.4877975	DEBUG : grabaiva == 65.99
16:39:14.0530014	DEBUG : nograbaiva == 5
16:39:15.7891007	DEBUG : iva == 7.92
16:39:17.6682082	DEBUG : lectura == 03
16:42:07.8889442	DEBUG : Impresion 01== 02
16:42:09.0590112	DEBUG : comercio == 000000328464   
16:42:09.0660116	DEBUG : lote == 000025
16:42:09.0720119	DEBUG : tid == 12131415
16:42:09.0770122	DEBUG : numtarjeta == 476173XXXXXX010     
16:42:09.0800124	DEBUG : trx == 001022
16:42:09.0870128	DEBUG : autorizacion == 039438
16:42:09.0910130	DEBUG : total == 86.21
16:42:09.0940132	DEBUG : grabaiva == 65.99
16:42:09.0970133	DEBUG : nograbaiva == 5
16:42:09.1000135	DEBUG : iva == 7.92
16:42:09.1040137	DEBUG : lectura == 03
16:42:09.1070139	DEBUG : aplabel == VISA CREDIT
16:42:09.1090140	DEBUG : tarjeta == SA/E
16:42:09.1120142	DEBUG : nombre == VISA ACQUIRER TEST CARD 18
16:42:09.1840183	DEBUG : hora == 17/01/2014 12:49:02
16:42:09.2000192	DEBUG : fecha == 04/01/2014 0:00:00
16:42:09.2280208	DEBUG : lectura == CHIP
18:56:21.1445641	DEBUG : 03 == 02
18:56:25.4328094	DEBUG : comercio == 000000328464   
18:56:26.8448902	DEBUG : lote == 000005
18:56:27.6179344	DEBUG : tid == 12131415
18:56:28.9310095	DEBUG : numtarjeta ==                     
18:56:29.6390500	DEBUG : tarjeta == VISA
18:56:30.3520908	DEBUG : trx == 001027
18:56:31.1771379	DEBUG : autorizacion == 028112
18:56:32.0231863	DEBUG : total == 86.21
18:56:33.2452562	DEBUG : lectura == 03
18:56:34.0183004	DEBUG : hora == 17/01/2014 12:49:02
18:56:35.3183748	DEBUG : fecha == 04/01/2014 0:00:00
18:59:06.7720375	DEBUG : 03 == 02
18:59:06.7910385	DEBUG : comercio == 000000328464   
18:59:06.7970389	DEBUG : lote == 000005
18:59:06.8000391	DEBUG : tid == 12131415
18:59:06.8020392	DEBUG : numtarjeta ==                     
18:59:06.8050393	DEBUG : tarjeta == VISA
18:59:06.8080395	DEBUG : trx == 001027
18:59:06.8100396	DEBUG : autorizacion == 028112
18:59:06.8130398	DEBUG : total == 86.21
18:59:06.8410414	DEBUG : lectura == 03
18:59:06.8450416	DEBUG : hora == 17/01/2014 12:49:02
18:59:06.8490419	DEBUG : fecha == 04/01/2014 0:00:00
19:09:27.8115589	DEBUG : 03 == 02
19:09:28.6776084	DEBUG : comercio == 000000328464   
19:09:28.6836088	DEBUG : lote == 000005
19:09:28.6896091	DEBUG : tid == 12131415
19:09:28.6956095	DEBUG : numtarjeta ==                     
19:09:28.6986096	DEBUG : tarjeta == VISA
19:09:28.7016098	DEBUG : trx == 001027
19:09:28.7036099	DEBUG : autorizacion == 028112
19:09:28.7066101	DEBUG : total == 86.21
19:09:28.7096103	DEBUG : lectura == 03
19:09:28.7136105	DEBUG : hora == 17/01/2014 12:49:02
19:09:28.7166107	DEBUG : fecha == 04/01/2014 0:00:00
19:17:43.7709261	DEBUG : 03 == 02
19:17:44.3929617	DEBUG : comercio == 000000328464   
19:17:44.3989621	DEBUG : lote == 000005
19:17:44.4099627	DEBUG : tid == 12131415
19:17:44.4169631	DEBUG : numtarjeta ==                     
19:17:44.4209633	DEBUG : tarjeta == VISA
19:17:44.4239635	DEBUG : trx == 001027
19:17:44.4279637	DEBUG : autorizacion == 028112
19:17:44.4339641	DEBUG : total == 86.21
19:17:44.4409645	DEBUG : lectura == 03
19:17:44.4479649	DEBUG : hora == 17/01/2014 12:49:02
19:17:44.4509650	DEBUG : fecha == 04/01/2014 0:00:00
19:22:41.0709307	DEBUG : 03 == 02
19:22:43.6680793	DEBUG : comercio == 000000328464   
19:22:43.6760797	DEBUG : lote == 000005
19:22:43.6840802	DEBUG : tid == 12131415
19:22:43.6910806	DEBUG : numtarjeta ==                     
19:22:43.6970809	DEBUG : tarjeta == VISA
19:22:43.7000811	DEBUG : trx == 001027
19:22:43.7040813	DEBUG : autorizacion == 028112
19:22:43.7070815	DEBUG : total == 86.21
19:22:43.7110817	DEBUG : lectura == 03
19:22:43.7150820	DEBUG : hora == 17/01/2014 12:49:02
19:22:43.7190822	DEBUG : fecha == 04/01/2014 0:00:00
19:26:00.9173613	DEBUG : 03 == 02
19:26:01.6224016	DEBUG : comercio == 000000328464   
19:26:01.6284020	DEBUG : lote == 000005
19:26:01.6354024	DEBUG : tid == 12131415
19:26:01.6394026	DEBUG : numtarjeta ==                     
19:26:01.6424028	DEBUG : tarjeta == VISA
19:26:01.6464030	DEBUG : trx == 001027
19:26:01.6504032	DEBUG : autorizacion == 028112
19:26:01.6544034	DEBUG : total == 86.21
19:26:01.6584037	DEBUG : lectura == 03
19:26:01.6624039	DEBUG : hora == 17/01/2014 12:49:02
19:26:01.6654041	DEBUG : fecha == 04/01/2014 0:00:00
19:29:00.9996614	DEBUG : 03 == 02
19:29:02.3767402	DEBUG : comercio == 000000328464   
19:29:02.3847406	DEBUG : lote == 000005
19:29:02.3917410	DEBUG : tid == 12131415
19:29:02.3977414	DEBUG : numtarjeta ==                     
19:29:02.4047418	DEBUG : tarjeta == VISA
19:29:02.4137423	DEBUG : trx == 001027
19:29:02.4177425	DEBUG : autorizacion == 028112
19:29:02.4197426	DEBUG : total == 86.21
19:29:02.4227428	DEBUG : lectura == 03
19:29:02.4257430	DEBUG : hora == 17/01/2014 12:49:02
19:29:02.4297432	DEBUG : fecha == 04/01/2014 0:00:00
19:34:39.3140119	DEBUG : 03 == 02
19:34:39.7810386	DEBUG : comercio == 000000328464   
19:34:39.7870389	DEBUG : lote == 000005
19:34:39.7940393	DEBUG : tid == 12131415
19:34:39.7990396	DEBUG : numtarjeta ==                     
19:34:39.8030399	DEBUG : tarjeta == VISA
19:34:39.8060400	DEBUG : trx == 001027
19:34:39.8100403	DEBUG : autorizacion == 028112
19:34:39.8140405	DEBUG : total == 86.21
19:34:39.8170407	DEBUG : lectura == 03
19:34:39.8210409	DEBUG : hora == 17/01/2014 12:49:02
19:34:39.8250411	DEBUG : fecha == 04/01/2014 0:00:00
